<?xml version="1.0" encoding="UTF-8"?>
<!-- Generated by org.testng.reporters.JUnitReportReporter -->
<testsuite skipped="0" hostname="Jimmy-Gupta" name="testingbabascripts.RadioButtonTest" tests="2" failures="0" timestamp="2022-06-04T17:28:06 IST" time="1.785" errors="0">
  <testcase name="clickonelements" time="0.916" classname="testingbabascripts.RadioButtonTest"/>
  <system-out/>
  <testcase name="RadioButtonClick" time="0.869" classname="testingbabascripts.RadioButtonTest"/>
  <system-out/>
</testsuite> <!-- testingbabascripts.RadioButtonTest -->
