<?xml version="1.0" encoding="UTF-8"?>
<!-- Generated by org.testng.reporters.JUnitReportReporter -->
<testsuite skipped="0" hostname="Jimmy-Gupta" name="testingbabascripts.TextBoxTest" tests="3" failures="0" timestamp="2022-06-04T17:40:00 IST" time="3.834" errors="0">
  <testcase name="clickonelements" time="0.611" classname="testingbabascripts.TextBoxTest"/>
  <system-out/>
  <testcase name="formfil" time="2.964" classname="testingbabascripts.TextBoxTest"/>
  <system-out/>
  <testcase name="inputoutputcheck" time="0.259" classname="testingbabascripts.TextBoxTest"/>
  <system-out/>
</testsuite> <!-- testingbabascripts.TextBoxTest -->
