<?xml version="1.0" encoding="UTF-8"?>
<!-- Generated by org.testng.reporters.JUnitReportReporter -->
<testsuite skipped="0" hostname="Jimmy-Gupta" name="testingbabascripts.TextBoxTest" tests="3" failures="0" timestamp="2022-08-29T18:10:08 IST" time="7.025" errors="0">
  <testcase name="clickonelements" time="1.155" classname="testingbabascripts.TextBoxTest"/>
  <system-out/>
  <testcase name="formfil" time="5.040" classname="testingbabascripts.TextBoxTest"/>
  <system-out/>
  <testcase name="inputoutputcheck" time="0.830" classname="testingbabascripts.TextBoxTest"/>
  <system-out/>
</testsuite> <!-- testingbabascripts.TextBoxTest -->
