<?xml version="1.0" encoding="UTF-8"?>
<!-- Generated by org.testng.reporters.JUnitReportReporter -->
<testsuite skipped="0" hostname="Jimmy-Gupta" name="testingbabascripts.LoginTest" tests="1" failures="0" timestamp="2022-06-04T14:40:55 IST" time="0.043" errors="0">
  <testcase name="gettital" time="0.043" classname="testingbabascripts.LoginTest"/>
  <system-out/>
</testsuite> <!-- testingbabascripts.LoginTest -->
