<?xml version="1.0" encoding="UTF-8"?>
<!-- Generated by org.testng.reporters.JUnitReportReporter -->
<testsuite skipped="0" hostname="Jimmy-Gupta" name="testingbabascripts.CheckBoxTest" tests="2" failures="0" timestamp="2022-06-04T16:43:53 IST" time="3.637" errors="0">
  <testcase name="clickonelements" time="1.279" classname="testingbabascripts.CheckBoxTest"/>
  <system-out/>
  <testcase name="checkboxtest" time="2.358" classname="testingbabascripts.CheckBoxTest"/>
  <system-out/>
</testsuite> <!-- testingbabascripts.CheckBoxTest -->
